

Started GET "/" for 127.0.0.1 at 2014-02-21 16:06:44 +0100

Mysql2::Error (Unknown database 'rails_store'):
  mysql2 (0.3.15) lib/mysql2/client.rb:67:in `connect'
  mysql2 (0.3.15) lib/mysql2/client.rb:67:in `initialize'
  activerecord (4.0.3) lib/active_record/connection_adapters/mysql2_adapter.rb:18:in `new'
  activerecord (4.0.3) lib/active_record/connection_adapters/mysql2_adapter.rb:18:in `mysql2_connection'
  activerecord (4.0.3) lib/active_record/connection_adapters/abstract/connection_pool.rb:440:in `new_connection'
  activerecord (4.0.3) lib/active_record/connection_adapters/abstract/connection_pool.rb:450:in `checkout_new_connection'
  activerecord (4.0.3) lib/active_record/connection_adapters/abstract/connection_pool.rb:421:in `acquire_connection'
  activerecord (4.0.3) lib/active_record/connection_adapters/abstract/connection_pool.rb:356:in `block in checkout'
  /Users/medesko/.rbenv/versions/2.0.0-p247/lib/ruby/2.0.0/monitor.rb:211:in `mon_synchronize'
  activerecord (4.0.3) lib/active_record/connection_adapters/abstract/connection_pool.rb:355:in `checkout'
  activerecord (4.0.3) lib/active_record/connection_adapters/abstract/connection_pool.rb:265:in `block in connection'
  /Users/medesko/.rbenv/versions/2.0.0-p247/lib/ruby/2.0.0/monitor.rb:211:in `mon_synchronize'
  activerecord (4.0.3) lib/active_record/connection_adapters/abstract/connection_pool.rb:264:in `connection'
  activerecord (4.0.3) lib/active_record/connection_adapters/abstract/connection_pool.rb:546:in `retrieve_connection'
  activerecord (4.0.3) lib/active_record/connection_handling.rb:79:in `retrieve_connection'
  activerecord (4.0.3) lib/active_record/connection_handling.rb:53:in `connection'
  activerecord (4.0.3) lib/active_record/query_cache.rb:51:in `restore_query_cache_settings'
  activerecord (4.0.3) lib/active_record/query_cache.rb:43:in `rescue in call'
  activerecord (4.0.3) lib/active_record/query_cache.rb:32:in `call'
  activerecord (4.0.3) lib/active_record/connection_adapters/abstract/connection_pool.rb:626:in `call'
  activerecord (4.0.3) lib/active_record/migration.rb:369:in `call'
  actionpack (4.0.3) lib/action_dispatch/middleware/callbacks.rb:29:in `block in call'
  activesupport (4.0.3) lib/active_support/callbacks.rb:373:in `_run__2410790242414637199__call__callbacks'
  activesupport (4.0.3) lib/active_support/callbacks.rb:80:in `run_callbacks'
  actionpack (4.0.3) lib/action_dispatch/middleware/callbacks.rb:27:in `call'
  actionpack (4.0.3) lib/action_dispatch/middleware/reloader.rb:64:in `call'
  actionpack (4.0.3) lib/action_dispatch/middleware/remote_ip.rb:76:in `call'
  actionpack (4.0.3) lib/action_dispatch/middleware/debug_exceptions.rb:17:in `call'
  actionpack (4.0.3) lib/action_dispatch/middleware/show_exceptions.rb:30:in `call'
  railties (4.0.3) lib/rails/rack/logger.rb:38:in `call_app'
  railties (4.0.3) lib/rails/rack/logger.rb:20:in `block in call'
  activesupport (4.0.3) lib/active_support/tagged_logging.rb:67:in `block in tagged'
  activesupport (4.0.3) lib/active_support/tagged_logging.rb:25:in `tagged'
  activesupport (4.0.3) lib/active_support/tagged_logging.rb:67:in `tagged'
  railties (4.0.3) lib/rails/rack/logger.rb:20:in `call'
  actionpack (4.0.3) lib/action_dispatch/middleware/request_id.rb:21:in `call'
  rack (1.5.2) lib/rack/methodoverride.rb:21:in `call'
  rack (1.5.2) lib/rack/runtime.rb:17:in `call'
  activesupport (4.0.3) lib/active_support/cache/strategy/local_cache.rb:83:in `call'
  rack (1.5.2) lib/rack/lock.rb:17:in `call'
  actionpack (4.0.3) lib/action_dispatch/middleware/static.rb:64:in `call'
  rack (1.5.2) lib/rack/sendfile.rb:112:in `call'
  railties (4.0.3) lib/rails/engine.rb:511:in `call'
  railties (4.0.3) lib/rails/application.rb:97:in `call'
  rack (1.5.2) lib/rack/lock.rb:17:in `call'
  rack (1.5.2) lib/rack/content_length.rb:14:in `call'
  rack (1.5.2) lib/rack/handler/webrick.rb:60:in `service'
  /Users/medesko/.rbenv/versions/2.0.0-p247/lib/ruby/2.0.0/webrick/httpserver.rb:138:in `service'
  /Users/medesko/.rbenv/versions/2.0.0-p247/lib/ruby/2.0.0/webrick/httpserver.rb:94:in `run'
  /Users/medesko/.rbenv/versions/2.0.0-p247/lib/ruby/2.0.0/webrick/server.rb:295:in `block in start_thread'


  Rendered /Users/medesko/.rbenv/versions/2.0.0-p247/lib/ruby/gems/2.0.0/gems/actionpack-4.0.3/lib/action_dispatch/middleware/templates/rescues/_source.erb (0.7ms)
  Rendered /Users/medesko/.rbenv/versions/2.0.0-p247/lib/ruby/gems/2.0.0/gems/actionpack-4.0.3/lib/action_dispatch/middleware/templates/rescues/_trace.erb (2.2ms)
  Rendered /Users/medesko/.rbenv/versions/2.0.0-p247/lib/ruby/gems/2.0.0/gems/actionpack-4.0.3/lib/action_dispatch/middleware/templates/rescues/_request_and_response.erb (1.2ms)
  Rendered /Users/medesko/.rbenv/versions/2.0.0-p247/lib/ruby/gems/2.0.0/gems/actionpack-4.0.3/lib/action_dispatch/middleware/templates/rescues/diagnostics.erb within rescues/layout (27.4ms)


Started GET "/" for 127.0.0.1 at 2014-02-21 16:07:52 +0100
Processing by Rails::WelcomeController#index as HTML
  Rendered /Users/medesko/.rbenv/versions/2.0.0-p247/lib/ruby/gems/2.0.0/gems/railties-4.0.3/lib/rails/templates/rails/welcome/index.html.erb (0.8ms)
Completed 200 OK in 17ms (Views: 3.7ms | ActiveRecord: 0.0ms)


Started GET "/" for 127.0.0.1 at 2014-02-21 16:07:53 +0100
Processing by Rails::WelcomeController#index as HTML
  Rendered /Users/medesko/.rbenv/versions/2.0.0-p247/lib/ruby/gems/2.0.0/gems/railties-4.0.3/lib/rails/templates/rails/welcome/index.html.erb (0.1ms)
Completed 200 OK in 3ms (Views: 2.1ms | ActiveRecord: 0.0ms)
  [1m[36m (25.9ms)[0m  [1mCREATE TABLE `schema_migrations` (`version` varchar(255) NOT NULL) ENGINE=InnoDB[0m
  [1m[35m (18.2ms)[0m  CREATE UNIQUE INDEX `unique_schema_migrations` ON `schema_migrations` (`version`) 
  [1m[36mActiveRecord::SchemaMigration Load (0.3ms)[0m  [1mSELECT `schema_migrations`.* FROM `schema_migrations`[0m
Migrating to DeviseCreateUsers (20140221151023)
  [1m[35m (25.6ms)[0m  CREATE TABLE `users` (`id` int(11) DEFAULT NULL auto_increment PRIMARY KEY, `email` varchar(255) DEFAULT '' NOT NULL, `encrypted_password` varchar(255) DEFAULT '' NOT NULL, `reset_password_token` varchar(255), `reset_password_sent_at` datetime, `remember_created_at` datetime, `sign_in_count` int(11) DEFAULT 0 NOT NULL, `current_sign_in_at` datetime, `last_sign_in_at` datetime, `current_sign_in_ip` varchar(255), `last_sign_in_ip` varchar(255), `created_at` datetime, `updated_at` datetime) ENGINE=InnoDB
  [1m[36m (15.7ms)[0m  [1mCREATE UNIQUE INDEX `index_users_on_email` ON `users` (`email`) [0m
  [1m[35m (28.4ms)[0m  CREATE UNIQUE INDEX `index_users_on_reset_password_token` ON `users` (`reset_password_token`) 
  [1m[36m (0.3ms)[0m  [1mBEGIN[0m
  [1m[35mSQL (1.2ms)[0m  INSERT INTO `schema_migrations` (`version`) VALUES ('20140221151023')
  [1m[36m (6.0ms)[0m  [1mCOMMIT[0m
  [1m[35mActiveRecord::SchemaMigration Load (0.2ms)[0m  SELECT `schema_migrations`.* FROM `schema_migrations`


Started GET "/users/sign_up" for 127.0.0.1 at 2014-02-21 16:11:37 +0100
  [1m[36mActiveRecord::SchemaMigration Load (0.2ms)[0m  [1mSELECT `schema_migrations`.* FROM `schema_migrations`[0m
Processing by Devise::RegistrationsController#new as HTML
  Rendered /Users/medesko/.rbenv/versions/2.0.0-p247/lib/ruby/gems/2.0.0/gems/devise-3.2.3/app/views/devise/shared/_links.erb (1.6ms)
  Rendered /Users/medesko/.rbenv/versions/2.0.0-p247/lib/ruby/gems/2.0.0/gems/devise-3.2.3/app/views/devise/registrations/new.html.erb within layouts/application (83.7ms)
Completed 200 OK in 527ms (Views: 504.1ms | ActiveRecord: 1.9ms)


Started GET "/assets/application.js?body=1" for 127.0.0.1 at 2014-02-21 16:11:38 +0100


Started GET "/assets/jquery.js?body=1" for 127.0.0.1 at 2014-02-21 16:11:38 +0100


Started GET "/assets/turbolinks.js?body=1" for 127.0.0.1 at 2014-02-21 16:11:38 +0100


Started GET "/assets/jquery_ujs.js?body=1" for 127.0.0.1 at 2014-02-21 16:11:38 +0100


Started GET "/assets/application.css?body=1" for 127.0.0.1 at 2014-02-21 16:11:38 +0100


Started POST "/users" for 127.0.0.1 at 2014-02-21 16:15:40 +0100
Processing by Devise::RegistrationsController#create as HTML
  Parameters: {"utf8"=>"✓", "authenticity_token"=>"NIkFlyalg4HSAXNEfiFhxqDa1IfoWr4Bw122upqPSvc=", "user"=>{"email"=>"medesko@gmail.com", "password"=>"[FILTERED]", "password_confirmation"=>"[FILTERED]"}, "commit"=>"Sign up"}
  [1m[35m (0.2ms)[0m  BEGIN
  [1m[36mUser Exists (0.4ms)[0m  [1mSELECT 1 AS one FROM `users` WHERE `users`.`email` = BINARY 'medesko@gmail.com' LIMIT 1[0m
  [1m[35m (0.1ms)[0m  ROLLBACK
  Rendered /Users/medesko/.rbenv/versions/2.0.0-p247/lib/ruby/gems/2.0.0/gems/devise-3.2.3/app/views/devise/shared/_links.erb (1.0ms)
  Rendered /Users/medesko/.rbenv/versions/2.0.0-p247/lib/ruby/gems/2.0.0/gems/devise-3.2.3/app/views/devise/registrations/new.html.erb within layouts/application (6.0ms)
Completed 200 OK in 124ms (Views: 13.6ms | ActiveRecord: 2.9ms)


Started GET "/assets/jquery.js?body=1" for 127.0.0.1 at 2014-02-21 16:15:40 +0100


Started POST "/users" for 127.0.0.1 at 2014-02-21 16:15:56 +0100
Processing by Devise::RegistrationsController#create as HTML
  Parameters: {"utf8"=>"✓", "authenticity_token"=>"NIkFlyalg4HSAXNEfiFhxqDa1IfoWr4Bw122upqPSvc=", "user"=>{"email"=>"medesko@gmail.com", "password"=>"[FILTERED]", "password_confirmation"=>"[FILTERED]"}, "commit"=>"Sign up"}
  [1m[36m (0.2ms)[0m  [1mBEGIN[0m
  [1m[35mUser Exists (0.4ms)[0m  SELECT 1 AS one FROM `users` WHERE `users`.`email` = BINARY 'medesko@gmail.com' LIMIT 1
  [1m[36mSQL (0.4ms)[0m  [1mINSERT INTO `users` (`created_at`, `email`, `encrypted_password`, `updated_at`) VALUES ('2014-02-21 15:15:57', 'medesko@gmail.com', '$2a$10$EgswXmhEh8p/oQ6qlOohkuMpnKcsaDg0BHcPVdn6fe8o4iHdFBUx6', '2014-02-21 15:15:57')[0m
  [1m[35m (6.1ms)[0m  COMMIT
  [1m[36m (0.2ms)[0m  [1mBEGIN[0m
  [1m[35mSQL (0.4ms)[0m  UPDATE `users` SET `last_sign_in_at` = '2014-02-21 15:15:57', `current_sign_in_at` = '2014-02-21 15:15:57', `last_sign_in_ip` = '127.0.0.1', `current_sign_in_ip` = '127.0.0.1', `sign_in_count` = 1, `updated_at` = '2014-02-21 15:15:57' WHERE `users`.`id` = 1
  [1m[36m (6.1ms)[0m  [1mCOMMIT[0m
Redirected to http://localhost:3000/
Completed 302 Found in 103ms (ActiveRecord: 13.7ms)


Started GET "/" for 127.0.0.1 at 2014-02-21 16:15:57 +0100
Processing by Rails::WelcomeController#index as HTML
  Rendered /Users/medesko/.rbenv/versions/2.0.0-p247/lib/ruby/gems/2.0.0/gems/railties-4.0.3/lib/rails/templates/rails/welcome/index.html.erb (0.8ms)
Completed 200 OK in 4ms (Views: 3.0ms | ActiveRecord: 0.0ms)


Started GET "/" for 127.0.0.1 at 2014-02-21 16:16:11 +0100
Processing by Rails::WelcomeController#index as HTML
  Rendered /Users/medesko/.rbenv/versions/2.0.0-p247/lib/ruby/gems/2.0.0/gems/railties-4.0.3/lib/rails/templates/rails/welcome/index.html.erb (0.0ms)
Completed 200 OK in 3ms (Views: 2.0ms | ActiveRecord: 0.0ms)


Started GET "/users/sign_up" for 127.0.0.1 at 2014-02-21 16:17:01 +0100
Processing by Devise::RegistrationsController#new as HTML
  [1m[35mUser Load (0.6ms)[0m  SELECT `users`.* FROM `users` WHERE `users`.`id` = 1 ORDER BY `users`.`id` ASC LIMIT 1
Redirected to http://localhost:3000/
Filter chain halted as :require_no_authentication rendered or redirected
Completed 302 Found in 8ms (ActiveRecord: 0.6ms)


Started GET "/" for 127.0.0.1 at 2014-02-21 16:17:01 +0100
Processing by Rails::WelcomeController#index as HTML
  Rendered /Users/medesko/.rbenv/versions/2.0.0-p247/lib/ruby/gems/2.0.0/gems/railties-4.0.3/lib/rails/templates/rails/welcome/index.html.erb (0.1ms)
Completed 200 OK in 3ms (Views: 1.9ms | ActiveRecord: 0.0ms)


Started GET "/" for 127.0.0.1 at 2014-02-21 16:17:10 +0100
Processing by Rails::WelcomeController#index as HTML
  Rendered /Users/medesko/.rbenv/versions/2.0.0-p247/lib/ruby/gems/2.0.0/gems/railties-4.0.3/lib/rails/templates/rails/welcome/index.html.erb (0.0ms)
Completed 200 OK in 2ms (Views: 1.8ms | ActiveRecord: 0.0ms)
